2021-01-23 12:18:56,607 INFO o.a.j.u.JMeterUtils: Setting Locale to ru_RU
2021-01-23 12:18:56,654 ERROR o.a.j.u.JMeterUtils: Could not find resources for 'ru_RU'
2021-01-23 12:18:56,656 INFO o.a.j.JMeter: Loading user properties from: D:\_Programs\apache-jmeter-5.2.1\bin\user.properties
2021-01-23 12:18:56,657 INFO o.a.j.JMeter: Loading system properties from: D:\_Programs\apache-jmeter-5.2.1\bin\system.properties
2021-01-23 12:18:56,661 INFO o.a.j.JMeter: Copyright (c) 1998-2019 The Apache Software Foundation
2021-01-23 12:18:56,662 INFO o.a.j.JMeter: Version 5.2.1
2021-01-23 12:18:56,662 INFO o.a.j.JMeter: java.version=15.0.2
2021-01-23 12:18:56,662 INFO o.a.j.JMeter: java.vm.name=Java HotSpot(TM) 64-Bit Server VM
2021-01-23 12:18:56,690 INFO o.a.j.JMeter: os.name=Windows 10
2021-01-23 12:18:56,690 INFO o.a.j.JMeter: os.arch=amd64
2021-01-23 12:18:56,690 INFO o.a.j.JMeter: os.version=10.0
2021-01-23 12:18:56,690 INFO o.a.j.JMeter: file.encoding=Cp1251
2021-01-23 12:18:56,691 INFO o.a.j.JMeter: java.awt.headless=true
2021-01-23 12:18:56,691 INFO o.a.j.JMeter: Max memory     =1524629504
2021-01-23 12:18:56,691 INFO o.a.j.JMeter: Available Processors =4
2021-01-23 12:18:56,707 INFO o.a.j.JMeter: Default Locale=русский (Россия)
2021-01-23 12:18:56,708 INFO o.a.j.JMeter: JMeter  Locale=русский (Россия)
2021-01-23 12:18:56,708 INFO o.a.j.JMeter: JMeterHome=D:\_Programs\apache-jmeter-5.2.1
2021-01-23 12:18:56,708 INFO o.a.j.JMeter: user.dir  =D:\GitHub\java_test_software-testing\sandbox
2021-01-23 12:18:56,709 INFO o.a.j.JMeter: PWD       =D:\GitHub\java_test_software-testing\sandbox
2021-01-23 12:18:56,711 INFO o.a.j.JMeter: IP: 192.168.8.103 Name: DESKTOP-CPU6AH6 FullName: DESKTOP-CPU6AH6
2021-01-23 12:18:56,721 INFO o.a.j.s.FileServer: Default base='D:\GitHub\java_test_software-testing\sandbox'
2021-01-23 12:18:56,724 INFO o.a.j.s.FileServer: Set new base='d:\'
2021-01-23 12:18:57,123 INFO o.a.j.s.SaveService: Testplan (JMX) version: 2.2. Testlog (JTL) version: 2.2
2021-01-23 12:18:57,149 INFO o.a.j.s.SaveService: Using SaveService properties version 5.0
2021-01-23 12:18:57,156 INFO o.a.j.s.SaveService: Using SaveService properties file encoding UTF-8
2021-01-23 12:18:57,165 INFO o.a.j.s.SaveService: Loading file: d:\123.jmx
2021-01-23 12:18:57,427 INFO o.a.j.p.h.s.HTTPSamplerBase: Parser for text/html is org.apache.jmeter.protocol.http.parser.LagartoBasedHtmlParser
2021-01-23 12:18:57,427 INFO o.a.j.p.h.s.HTTPSamplerBase: Parser for application/xhtml+xml is org.apache.jmeter.protocol.http.parser.LagartoBasedHtmlParser
2021-01-23 12:18:57,427 INFO o.a.j.p.h.s.HTTPSamplerBase: Parser for application/xml is org.apache.jmeter.protocol.http.parser.LagartoBasedHtmlParser
2021-01-23 12:18:57,428 INFO o.a.j.p.h.s.HTTPSamplerBase: Parser for text/xml is org.apache.jmeter.protocol.http.parser.LagartoBasedHtmlParser
2021-01-23 12:18:57,428 INFO o.a.j.p.h.s.HTTPSamplerBase: Parser for text/vnd.wap.wml is org.apache.jmeter.protocol.http.parser.RegexpHTMLParser
2021-01-23 12:18:57,428 INFO o.a.j.p.h.s.HTTPSamplerBase: Parser for text/css is org.apache.jmeter.protocol.http.parser.CssParser
2021-01-23 12:18:57,476 INFO o.a.j.JMeter: Creating summariser <summary>
2021-01-23 12:18:57,489 INFO o.a.j.e.StandardJMeterEngine: Running the test!
2021-01-23 12:18:57,491 INFO o.a.j.s.SampleEvent: List of sample_variables: []
2021-01-23 12:18:57,491 INFO o.a.j.s.SampleEvent: List of sample_variables: []
2021-01-23 12:18:57,501 INFO o.a.j.e.u.CompoundVariable: Note: Function class names must contain the string: '.functions.'
2021-01-23 12:18:57,501 INFO o.a.j.e.u.CompoundVariable: Note: Function class names must not contain the string: '.gui.'
2021-01-23 12:18:57,601 INFO o.a.j.JMeter: Running test (1611393537601)
2021-01-23 12:18:57,639 INFO o.a.j.e.StandardJMeterEngine: Starting ThreadGroup: 1 : Thread Group
2021-01-23 12:18:57,640 INFO o.a.j.e.StandardJMeterEngine: Starting 5 threads for group Thread Group.
2021-01-23 12:18:57,640 INFO o.a.j.e.StandardJMeterEngine: Thread will continue on error
2021-01-23 12:18:57,641 INFO o.a.j.t.ThreadGroup: Starting thread group... number=1 threads=5 ramp-up=1 delayedStart=false
2021-01-23 12:18:57,653 INFO o.a.j.t.ThreadGroup: Started thread group number 1
2021-01-23 12:18:57,654 INFO o.a.j.e.StandardJMeterEngine: All thread groups have been started
2021-01-23 12:18:57,657 INFO o.a.j.t.JMeterThread: Thread started: Thread Group 1-1
2021-01-23 12:18:57,686 INFO o.a.j.p.h.s.HTTPHCAbstractImpl: Local host = DESKTOP-CPU6AH6
2021-01-23 12:18:57,701 INFO o.a.j.p.h.s.HTTPHC4Impl: HTTP request retry count = 0
2021-01-23 12:18:57,704 INFO o.a.j.s.SampleResult: Note: Sample TimeStamps are START times
2021-01-23 12:18:57,704 INFO o.a.j.s.SampleResult: sampleresult.default.encoding is set to ISO-8859-1
2021-01-23 12:18:57,704 INFO o.a.j.s.SampleResult: sampleresult.useNanoTime=true
2021-01-23 12:18:57,705 INFO o.a.j.s.SampleResult: sampleresult.nanoThreadSleep=5000
2021-01-23 12:18:57,850 INFO o.a.j.t.JMeterThread: Thread started: Thread Group 1-2
2021-01-23 12:18:58,048 INFO o.a.j.t.JMeterThread: Thread started: Thread Group 1-3
2021-01-23 12:18:58,249 INFO o.a.j.t.JMeterThread: Thread started: Thread Group 1-4
2021-01-23 12:18:58,448 INFO o.a.j.t.JMeterThread: Thread started: Thread Group 1-5
2021-01-23 12:19:00,020 INFO o.a.j.r.Summariser: summary +     11 in 00:00:02 =    4,6/s Avg:   726 Min:   137 Max:  1712 Err:     0 (0,00%) Active: 5 Started: 5 Finished: 0
2021-01-23 12:19:30,157 INFO o.a.j.r.Summariser: summary +    645 in 00:00:30 =   21,4/s Avg:   232 Min:    94 Max:  3133 Err:     0 (0,00%) Active: 5 Started: 5 Finished: 0
2021-01-23 12:19:30,159 INFO o.a.j.r.Summariser: summary =    656 in 00:00:33 =   20,2/s Avg:   240 Min:    94 Max:  3133 Err:     0 (0,00%)
2021-01-23 12:19:57,664 INFO o.a.j.t.JMeterThread: Stopping because end time detected by thread: Thread Group 1-1
2021-01-23 12:19:57,665 INFO o.a.j.t.JMeterThread: Thread finished: Thread Group 1-1
2021-01-23 12:19:57,748 INFO o.a.j.t.JMeterThread: Stopping because end time detected by thread: Thread Group 1-2
2021-01-23 12:19:57,749 INFO o.a.j.t.JMeterThread: Thread finished: Thread Group 1-2
2021-01-23 12:19:57,865 INFO o.a.j.t.JMeterThread: Stopping because end time detected by thread: Thread Group 1-5
2021-01-23 12:19:57,867 INFO o.a.j.t.JMeterThread: Thread finished: Thread Group 1-5
2021-01-23 12:19:57,912 INFO o.a.j.t.JMeterThread: Stopping because end time detected by thread: Thread Group 1-4
2021-01-23 12:19:57,913 INFO o.a.j.t.JMeterThread: Thread finished: Thread Group 1-4
2021-01-23 12:19:57,947 INFO o.a.j.t.JMeterThread: Stopping because end time detected by thread: Thread Group 1-3
2021-01-23 12:19:57,948 INFO o.a.j.t.JMeterThread: Thread finished: Thread Group 1-3
2021-01-23 12:19:57,949 INFO o.a.j.e.StandardJMeterEngine: Notifying test listeners of end of test
2021-01-23 12:19:57,951 INFO o.a.j.r.Summariser: summary +    464 in 00:00:28 =   16,7/s Avg:   302 Min:   100 Max:  1306 Err:     0 (0,00%) Active: 0 Started: 5 Finished: 5
2021-01-23 12:19:57,953 INFO o.a.j.r.Summariser: summary =   1120 in 00:01:00 =   18,6/s Avg:   266 Min:    94 Max:  3133 Err:     0 (0,00%)
